Model Technology ModelSim SE-64 vlog 2020.4 Compiler 2020.10 Oct 13 2020
Start time: 16:00:11 on Jan 14,2024
vlog -f filelist_rtl.f "+cover=bcefs" -nocoverfec -l ./log/vlogr.log 
-- Compiling package AES_top_sv_unit
-- Compiling module AES_top
-- Scanning library directory '../../hdl'
-- Compiling package AES_Decrypt_top_module_sv_unit
-- Compiling module AES_Decrypt_top_module
-- Compiling package AES_Encrypt_top_module_sv_unit
-- Compiling module AES_Encrypt_top_module
-- Compiling package AES_Decrypt_Key_Expand_sv_unit
-- Compiling module AES_Decrypt_Key_Expand
-- Compiling package AES_Decrypt_Core_sv_unit
-- Compiling module AES_Decrypt_Core
-- Compiling package AES_Encrypt_Key_Expand_sv_unit
-- Compiling module AES_Encrypt_Key_Expand
-- Compiling package AES_Encrypt_Core_sv_unit
-- Compiling module AES_Encrypt_Core

Top level modules:
	AES_top
End time: 16:00:11 on Jan 14,2024, Elapsed time: 0:00:00
Errors: 0, Warnings: 0
