# vsim -c dti_uart_tb_top -wlf vsim.wlf -solvefaildebug -assertdebug -sva -coverage -voptargs="+acc" -l ./log/vsim.log "+UVM_VERBOSITY=UVM_MEDIUM" -sv_lib ../libs/uvm-1.1d/lib/uvm_dpi64 -do "coverage save -onexit -assert -code bcefs -directive -cvg ucdb/uart.ucdb; add wave -r /dti_uart_tb_top/*; run -all; quit" 
# Start time: 09:25:12 on Dec 19,2023
# ** Note: (vsim-3812) Design is being optimized...
# ** Note: (vopt-143) Recognized 1 FSM in module "uart_receiver(fast)".
# ** Note: (vopt-143) Recognized 1 FSM in module "uart_transmitter(fast)".
# //  Questa Sim-64
# //  Version 10.7d_1 linux_x86_64 May  8 2019
# //
# //  Copyright 1991-2019 Mentor Graphics Corporation
# //  All Rights Reserved.
# //
# //  QuestaSim and its associated documentation contain trade
# //  secrets and commercial or financial information that are the property of
# //  Mentor Graphics Corporation and are privileged, confidential,
# //  and exempt from disclosure under the Freedom of Information Act,
# //  5 U.S.C. Section 552. Furthermore, this information
# //  is prohibited from disclosure under the Trade Secrets Act,
# //  18 U.S.C. Section 1905.
# //
# ** Note: (vsim-8785) UVM-aware debugging capabilities will be disabled since no compiled "questa_uvm_pkg" can be found.
# This also means that later if you turn on UVM-aware debugging your debug simulations may have
# different random seeds from your non-debug simulations.
# Loading sv_std.std
# Loading work.uvm_pkg(fast)
# Loading work.dti_uart_tb_top_sv_unit(fast)
# Loading work.dti_uart_tb_top(fast)
# Loading work.dti_uart_intf(fast)
# Loading work.uart(fast)
# Loading work.uart_transmitter(fast)
# Loading work.uart_receiver(fast)
# Loading work.dti_uart_intf(fast)
# Loading ./../libs/uvm-1.1d/lib/uvm_dpi64.so
# coverage save -onexit -assert -code bcefs -directive -cvg ucdb/uart.ucdb
#  add wave -r /dti_uart_tb_top/*
#  run -all
# ----------------------------------------------------------------
# UVM-1.1d
# (C) 2007-2013 Mentor Graphics Corporation
# (C) 2007-2013 Cadence Design Systems, Inc.
# (C) 2006-2013 Synopsys, Inc.
# (C) 2011-2013 Cypress Semiconductor Corp.
# ----------------------------------------------------------------
# 
#   ***********       IMPORTANT RELEASE NOTES         ************
# 
#   You are using a version of the UVM library that has been compiled
#   with `UVM_NO_DEPRECATED undefined.
#   See http://www.eda.org/svdb/view.php?id=3313 for more details.
# 
#   You are using a version of the UVM library that has been compiled
#   with `UVM_OBJECT_MUST_HAVE_CONSTRUCTOR undefined.
#   See http://www.eda.org/svdb/view.php?id=3770 for more details.
# 
#       (Specify +UVM_NO_RELNOTES to turn off this notice)
# 
# UVM_INFO @ 0: reporter [RNTST] Running test base_test...
# UVM_INFO ../src/dti_uart_rx/dti_uart_rx_monitor.sv(34) @ 989500000: uvm_test_top.env.rx_agent.monitor [MONITOR RX] Collected Data
# UVM_INFO ../src/dti_uart_scoreboard/dti_uart_scoreboard.sv(42) @ 989500000: uvm_test_top.env.scb [UVM_INFO] RX PASS!
# d_out = 01100111
# rx_sample = 01100111
# UVM_INFO ../src/dti_uart_rx/dti_uart_rx_monitor.sv(34) @ 989520000: uvm_test_top.env.rx_agent.monitor [MONITOR RX] Collected Data
# UVM_INFO ../src/dti_uart_scoreboard/dti_uart_scoreboard.sv(42) @ 989520000: uvm_test_top.env.scb [UVM_INFO] RX PASS!
# d_out = 01100111
# rx_sample = 01100111
# UVM_INFO ../src/dti_uart_rx/dti_uart_rx_driver.sv(73) @ 989540000: uvm_test_top.env.rx_agent.driver [RX_DRIVER] SEND DATA
# rx_frame = 11001110
# UVM_INFO ../src/dti_uart_scoreboard/dti_uart_scoreboard.sv(30) @ 1145780000: uvm_test_top.env.scb [UVM_INFO] TX PASS!
# frame_tx = 10111101 , d_in = 10111101
# UVM_INFO ../src/dti_uart_tx/dti_uart_tx_driver.sv(58) @ 1145820000: uvm_test_top.env.tx_agent.driver [TX_DRIVER] SEND DATA
# UVM_INFO ../src/dti_uart_rx/dti_uart_rx_monitor.sv(34) @ 1979040000: uvm_test_top.env.rx_agent.monitor [MONITOR RX] Collected Data
# UVM_INFO ../src/dti_uart_scoreboard/dti_uart_scoreboard.sv(42) @ 1979040000: uvm_test_top.env.scb [UVM_INFO] RX PASS!
# d_out = 10110001
# rx_sample = 10110001
# UVM_INFO ../src/dti_uart_rx/dti_uart_rx_monitor.sv(34) @ 1979060000: uvm_test_top.env.rx_agent.monitor [MONITOR RX] Collected Data
# UVM_INFO ../src/dti_uart_scoreboard/dti_uart_scoreboard.sv(42) @ 1979060000: uvm_test_top.env.scb [UVM_INFO] RX PASS!
# d_out = 10110001
# rx_sample = 10110001
# UVM_INFO ../src/dti_uart_rx/dti_uart_rx_monitor.sv(34) @ 1979080000: uvm_test_top.env.rx_agent.monitor [MONITOR RX] Collected Data
# UVM_INFO ../src/dti_uart_scoreboard/dti_uart_scoreboard.sv(42) @ 1979080000: uvm_test_top.env.scb [UVM_INFO] RX PASS!
# d_out = 10110001
# rx_sample = 10110001
# UVM_INFO ../src/dti_uart_rx/dti_uart_rx_driver.sv(73) @ 1979100000: uvm_test_top.env.rx_agent.driver [RX_DRIVER] SEND DATA
# rx_frame = 01100010
# UVM_INFO ../src/dti_uart_scoreboard/dti_uart_scoreboard.sv(30) @ 2291600000: uvm_test_top.env.scb [UVM_INFO] TX PASS!
# frame_tx = 00001101 , d_in = 00001101
# UVM_INFO ../src/dti_uart_tx/dti_uart_tx_driver.sv(58) @ 2291640000: uvm_test_top.env.tx_agent.driver [TX_DRIVER] SEND DATA
# UVM_INFO ../src/dti_uart_rx/dti_uart_rx_monitor.sv(34) @ 2968600000: uvm_test_top.env.rx_agent.monitor [MONITOR RX] Collected Data
# UVM_INFO ../src/dti_uart_scoreboard/dti_uart_scoreboard.sv(42) @ 2968600000: uvm_test_top.env.scb [UVM_INFO] RX PASS!
# d_out = 00101111
# rx_sample = 00101111
# UVM_INFO ../src/dti_uart_rx/dti_uart_rx_monitor.sv(34) @ 2968620000: uvm_test_top.env.rx_agent.monitor [MONITOR RX] Collected Data
# UVM_INFO ../src/dti_uart_scoreboard/dti_uart_scoreboard.sv(42) @ 2968620000: uvm_test_top.env.scb [UVM_INFO] RX PASS!
# d_out = 00101111
# rx_sample = 00101111
# UVM_INFO ../src/dti_uart_rx/dti_uart_rx_monitor.sv(34) @ 2968640000: uvm_test_top.env.rx_agent.monitor [MONITOR RX] Collected Data
# UVM_INFO ../src/dti_uart_scoreboard/dti_uart_scoreboard.sv(42) @ 2968640000: uvm_test_top.env.scb [UVM_INFO] RX PASS!
# d_out = 00101111
# rx_sample = 00101111
# UVM_INFO ../src/dti_uart_rx/dti_uart_rx_driver.sv(73) @ 2968660000: uvm_test_top.env.rx_agent.driver [RX_DRIVER] SEND DATA
# rx_frame = 01011110
# UVM_INFO ../src/dti_uart_scoreboard/dti_uart_scoreboard.sv(30) @ 3437420000: uvm_test_top.env.scb [UVM_INFO] TX PASS!
# frame_tx = 00111010 , d_in = 00111010
# UVM_INFO ../src/dti_uart_tx/dti_uart_tx_driver.sv(58) @ 3437460000: uvm_test_top.env.tx_agent.driver [TX_DRIVER] SEND DATA
# UVM_INFO ../src/dti_uart_rx/dti_uart_rx_monitor.sv(34) @ 3958160000: uvm_test_top.env.rx_agent.monitor [MONITOR RX] Collected Data
# UVM_INFO ../src/dti_uart_scoreboard/dti_uart_scoreboard.sv(42) @ 3958160000: uvm_test_top.env.scb [UVM_INFO] RX PASS!
# d_out = 10010011
# rx_sample = 10010011
# UVM_INFO ../src/dti_uart_rx/dti_uart_rx_monitor.sv(34) @ 3958180000: uvm_test_top.env.rx_agent.monitor [MONITOR RX] Collected Data
# UVM_INFO ../src/dti_uart_scoreboard/dti_uart_scoreboard.sv(42) @ 3958180000: uvm_test_top.env.scb [UVM_INFO] RX PASS!
# d_out = 10010011
# rx_sample = 10010011
# UVM_INFO ../src/dti_uart_rx/dti_uart_rx_monitor.sv(34) @ 3958200000: uvm_test_top.env.rx_agent.monitor [MONITOR RX] Collected Data
# UVM_INFO ../src/dti_uart_scoreboard/dti_uart_scoreboard.sv(42) @ 3958200000: uvm_test_top.env.scb [UVM_INFO] RX PASS!
# d_out = 10010011
# rx_sample = 10010011
# UVM_INFO ../src/dti_uart_rx/dti_uart_rx_monitor.sv(34) @ 3958220000: uvm_test_top.env.rx_agent.monitor [MONITOR RX] Collected Data
# UVM_INFO ../src/dti_uart_scoreboard/dti_uart_scoreboard.sv(42) @ 3958220000: uvm_test_top.env.scb [UVM_INFO] RX PASS!
# d_out = 10010011
# rx_sample = 10010011
# UVM_INFO ../src/dti_uart_rx/dti_uart_rx_monitor.sv(34) @ 3958240000: uvm_test_top.env.rx_agent.monitor [MONITOR RX] Collected Data
# UVM_INFO ../src/dti_uart_scoreboard/dti_uart_scoreboard.sv(42) @ 3958240000: uvm_test_top.env.scb [UVM_INFO] RX PASS!
# d_out = 10010011
# rx_sample = 10010011
# UVM_INFO ../src/dti_uart_rx/dti_uart_rx_driver.sv(73) @ 3958260000: uvm_test_top.env.rx_agent.driver [RX_DRIVER] SEND DATA
# rx_frame = 00100110
# UVM_INFO ../src/dti_uart_scoreboard/dti_uart_scoreboard.sv(30) @ 4583240000: uvm_test_top.env.scb [UVM_INFO] TX PASS!
# frame_tx = 11110000 , d_in = 11110000
# UVM_INFO ../src/dti_uart_tx/dti_uart_tx_driver.sv(58) @ 4583280000: uvm_test_top.env.tx_agent.driver [TX_DRIVER] SEND DATA
# UVM_INFO ../src/dti_uart_rx/dti_uart_rx_monitor.sv(34) @ 4947760000: uvm_test_top.env.rx_agent.monitor [MONITOR RX] Collected Data
# UVM_INFO ../src/dti_uart_scoreboard/dti_uart_scoreboard.sv(42) @ 4947760000: uvm_test_top.env.scb [UVM_INFO] RX PASS!
# d_out = 10000111
# rx_sample = 10000111
# UVM_INFO ../src/dti_uart_rx/dti_uart_rx_monitor.sv(34) @ 4947780000: uvm_test_top.env.rx_agent.monitor [MONITOR RX] Collected Data
# UVM_INFO ../src/dti_uart_scoreboard/dti_uart_scoreboard.sv(42) @ 4947780000: uvm_test_top.env.scb [UVM_INFO] RX PASS!
# d_out = 10000111
# rx_sample = 10000111
# UVM_INFO ../src/dti_uart_rx/dti_uart_rx_monitor.sv(34) @ 4947800000: uvm_test_top.env.rx_agent.monitor [MONITOR RX] Collected Data
# UVM_INFO ../src/dti_uart_scoreboard/dti_uart_scoreboard.sv(42) @ 4947800000: uvm_test_top.env.scb [UVM_INFO] RX PASS!
# d_out = 10000111
# rx_sample = 10000111
# UVM_INFO ../src/dti_uart_rx/dti_uart_rx_monitor.sv(34) @ 4947820000: uvm_test_top.env.rx_agent.monitor [MONITOR RX] Collected Data
# UVM_INFO ../src/dti_uart_scoreboard/dti_uart_scoreboard.sv(42) @ 4947820000: uvm_test_top.env.scb [UVM_INFO] RX PASS!
# d_out = 10000111
# rx_sample = 10000111
# UVM_INFO ../src/dti_uart_rx/dti_uart_rx_monitor.sv(34) @ 4947840000: uvm_test_top.env.rx_agent.monitor [MONITOR RX] Collected Data
# UVM_INFO ../src/dti_uart_scoreboard/dti_uart_scoreboard.sv(42) @ 4947840000: uvm_test_top.env.scb [UVM_INFO] RX PASS!
# d_out = 10000111
# rx_sample = 10000111
# UVM_INFO ../src/dti_uart_rx/dti_uart_rx_driver.sv(73) @ 4947860000: uvm_test_top.env.rx_agent.driver [RX_DRIVER] SEND DATA
# rx_frame = 00001110
# UVM_INFO ../src/dti_uart_rx/dti_uart_rx_monitor.sv(34) @ 5937360000: uvm_test_top.env.rx_agent.monitor [MONITOR RX] Collected Data
# UVM_INFO ../src/dti_uart_scoreboard/dti_uart_scoreboard.sv(42) @ 5937360000: uvm_test_top.env.scb [UVM_INFO] RX PASS!
# d_out = 10010000
# rx_sample = 10010000
# UVM_INFO ../src/dti_uart_rx/dti_uart_rx_monitor.sv(34) @ 5937380000: uvm_test_top.env.rx_agent.monitor [MONITOR RX] Collected Data
# UVM_INFO ../src/dti_uart_scoreboard/dti_uart_scoreboard.sv(42) @ 5937380000: uvm_test_top.env.scb [UVM_INFO] RX PASS!
# d_out = 10010000
# rx_sample = 10010000
# UVM_INFO ../src/dti_uart_rx/dti_uart_rx_monitor.sv(34) @ 5937400000: uvm_test_top.env.rx_agent.monitor [MONITOR RX] Collected Data
# UVM_INFO ../src/dti_uart_scoreboard/dti_uart_scoreboard.sv(42) @ 5937400000: uvm_test_top.env.scb [UVM_INFO] RX PASS!
# d_out = 10010000
# rx_sample = 10010000
# UVM_INFO ../src/dti_uart_rx/dti_uart_rx_driver.sv(73) @ 5937420000: uvm_test_top.env.rx_agent.driver [RX_DRIVER] SEND DATA
# rx_frame = 00100000
# UVM_INFO ../libs/uvm-1.1d/src/base/uvm_objection.svh(1267) @ 5937420000: reporter [TEST_DONE] 'run' phase is ready to proceed to the 'extract' phase
# 
# --- UVM Report Summary ---
# 
# ** Report counts by severity
# UVM_INFO :   58
# UVM_WARNING :    0
# UVM_ERROR :    0
# UVM_FATAL :    0
# ** Report counts by id
# [MONITOR RX]    21
# [RNTST]     1
# [RX_DRIVER]     6
# [TEST_DONE]     1
# [TX_DRIVER]     4
# [UVM_INFO]    25
# ** Note: $finish    : ../libs/uvm-1.1d/src/base/uvm_root.svh(430)
#    Time: 5937420 ns  Iteration: 61  Instance: /dti_uart_tb_top
# Saving coverage database on exit...
# End time: 09:25:17 on Dec 19,2023, Elapsed time: 0:00:05
# Errors: 0, Warnings: 0
